#
# A fatal error has been detected by the Java Runtime Environment:
#
#  EXCEPTION_ACCESS_VIOLATION (0xc0000005) at pc=0x00007ff9823703cb, pid=22220, tid=1628
#
# JRE version: Java(TM) SE Runtime Environment (12.0.1+12) (build 12.0.1+12)
# Java VM: Java HotSpot(TM) 64-Bit Server VM (12.0.1+12, mixed mode, sharing, tiered, compressed oops, g1 gc, windows-amd64)
# Problematic frame:
# V  [jvm.dll+0x6c03cb]
#
# No core dump will be written. Minidumps are not enabled by default on client versions of Windows
#
# If you would like to submit a bug report, please visit:
#   http://bugreport.java.com/bugreport/crash.jsp
#

---------------  S U M M A R Y ------------

Command Line: -agentlib:jdwp=transport=dt_socket,suspend=y,address=localhost:62695 -ea -javaagent:C:\Users\jiayzhang\eclipse\java-latest-released\eclipse\configuration\org.eclipse.osgi\609\0\.cp\lib\javaagent-shaded.jar -Dfile.encoding=Cp1252 org.eclipse.jdt.internal.junit.runner.RemoteTestRunner -version 3 -port 62694 -testLoaderClass org.eclipse.jdt.internal.junit5.runner.JUnit5TestLoader -loaderpluginname org.eclipse.jdt.junit5.runtime -classNames com.demo.spring.dao.BookDAOTest

Host: Intel(R) Core(TM) i7-6600U CPU @ 2.60GHz, 4 cores, 15G,  Windows 10 , 64 bit Build 17763 (10.0.17763.475)
Time: Wed Jul 10 12:48:44 2019 Eastern Daylight Time elapsed time: 151 seconds (0d 0h 2m 31s)

---------------  T H R E A D  ---------------

Current thread (0x000001e4ae950800):  VMThread "VM Thread" [stack: 0x0000001d7f800000,0x0000001d7f900000] [id=1628]

Stack: [0x0000001d7f800000,0x0000001d7f900000],  sp=0x0000001d7f8fea00,  free space=1018k
Native frames: (J=compiled Java code, j=interpreted, Vv=VM code, C=native code)
V  [jvm.dll+0x6c03cb]
V  [jvm.dll+0x34d3d3]
V  [jvm.dll+0x34f2e9]
V  [jvm.dll+0x34fb6e]
V  [jvm.dll+0x34d07c]
V  [jvm.dll+0x34c2b2]
V  [jvm.dll+0x628425]
V  [jvm.dll+0x6281ad]
V  [jvm.dll+0x5ef77a]
V  [jvm.dll+0x504387]
V  [jvm.dll+0x78dccc]
V  [jvm.dll+0x791b27]
V  [jvm.dll+0x792366]
V  [jvm.dll+0x792697]
V  [jvm.dll+0x748648]
V  [jvm.dll+0x638566]
C  [ucrtbase.dll+0x21ffa]
C  [KERNEL32.DLL+0x17974]
C  [ntdll.dll+0x6a271]


siginfo: EXCEPTION_ACCESS_VIOLATION (0xc0000005), reading address 0x0000000000000006


Register to memory mapping:

RIP=0x00007ff9823703cb jvm.dll
RAX=0x0000001d7f8fea90 points into unknown readable memory: 47 00 00 46 00 00 00 00
RBX=0x0000001d7f8fea60 points into unknown readable memory: 70 e1 54 82 f9 7f 00 00
RCX=0x0 is NULL
RDX=0x0 is NULL
RSP=0x0000001d7f8fea00 points into unknown readable memory: 60 ea 8f 7f 1d 00 00 00
RBP=0x0000001d7f8fef70 points into unknown readable memory: c8 c4 58 b1 e4 01 00 00
RSI=0x0 is NULL
RDI=0x0 is NULL
R8 =0x0 is NULL
R9 =0x000001e4b11577b0 is pointing into metadata
R10=0x00007ff981cb0000 jvm.dll
R11=0x0000001d7f8feec0 points into unknown readable memory: 40 ef 8f 7f 1d 00 00 00
R12=0x000001e4b158c1a0 points into unknown readable memory: 00 90 58 82 00 00 00 00
R13=0x0 is NULL
R14=0x000001e4b115803b is pointing into metadata
R15=0x0000000000000068 is an unknown value


Registers:
RAX=0x0000001d7f8fea90, RBX=0x0000001d7f8fea60, RCX=0x0000000000000000, RDX=0x0000000000000000
RSP=0x0000001d7f8fea00, RBP=0x0000001d7f8fef70, RSI=0x0000000000000000, RDI=0x0000000000000000
R8 =0x0000000000000000, R9 =0x000001e4b11577b0, R10=0x00007ff981cb0000, R11=0x0000001d7f8feec0
R12=0x000001e4b158c1a0, R13=0x0000000000000000, R14=0x000001e4b115803b, R15=0x0000000000000068
RIP=0x00007ff9823703cb, EFLAGS=0x0000000000010246

Top of Stack: (sp=0x0000001d7f8fea00)
0x0000001d7f8fea00:   0000001d7f8fea60 00007ff9f5990000
0x0000001d7f8fea10:   00007ff9827877b0 00007ff98237094b
0x0000001d7f8fea20:   0000000000000000 00007ff981ffd3d3
0x0000001d7f8fea30:   0000000000000000 0000001d7f8ff0e0
0x0000001d7f8fea40:   0000001d7f8ff010 00007ff98237010a
0x0000001d7f8fea50:   0000001d7f8feab0 ffffffffffffffff
0x0000001d7f8fea60:   00007ff98254e170 0000000000000000
0x0000001d7f8fea70:   0000000000000000 00007ff90000000c
0x0000001d7f8fea80:   0000001d7f8fea90 0000001d00000000
0x0000001d7f8fea90:   0000000046000047 000001e400000000
0x0000001d7f8feaa0:   2fffffff4fffffff 4fffffff2fffffff
0x0000001d7f8feab0:   00007ff98254e170 000001e4b1d738b0
0x0000001d7f8feac0:   0000000000000029 000000000000000c
0x0000001d7f8fead0:   0000001d7f8feaf0 00007ff9f59935b5
0x0000001d7f8feae0:   0000001d7f8fec30 00007ff900000000
0x0000001d7f8feaf0:   4fffffff4fffffff 4fffffff4fffffff 

Instructions: (pc=0x00007ff9823703cb)
0x00007ff9823703ab:   cc cc cc cc cc 40 53 48 83 ec 20 c7 41 10 00 00
0x00007ff9823703bb:   00 00 48 8b d9 48 89 7c 24 38 48 8b 79 08 33 c9
0x00007ff9823703cb:   80 7f 06 28 74 26 44 8d 49 28 8d 51 35 48 8d 0d
0x00007ff9823703db:   01 bf 22 00 4c 8d 05 ea be 22 00 e8 65 1a ba ff 


Stack slot to memory mapping:
stack at sp + 0 slots: 0x0000001d7f8fea60 points into unknown readable memory: 70 e1 54 82 f9 7f 00 00
stack at sp + 1 slots: 0x00007ff9f5990000 ucrtbase.dll
stack at sp + 2 slots: 0x00007ff9827877b0 jvm.dll
stack at sp + 3 slots: 0x00007ff98237094b jvm.dll
stack at sp + 4 slots: 0x0 is NULL
stack at sp + 5 slots: 0x00007ff981ffd3d3 jvm.dll
stack at sp + 6 slots: 0x0 is NULL
stack at sp + 7 slots: 0x0000001d7f8ff0e0 points into unknown readable memory: 58 b4 58 82 f9 7f 00 00

VM_Operation (0x0000001d008ff360): GetOrSetLocal, mode: safepoint, requested by thread 0x000001e4b1764000


---------------  P R O C E S S  ---------------

Threads class SMR info:
_java_thread_list=0x000001e4b283e140, length=18, elements={
0x000001e48dc9b000, 0x000001e4ae95e800, 0x000001e4ae961000, 0x000001e4ae973000,
0x000001e4ae974000, 0x000001e4ae976000, 0x000001e4ae97b000, 0x000001e4b15ff000,
0x000001e4ae935000, 0x000001e4b1764000, 0x000001e4b1765800, 0x000001e4b1716800,
0x000001e4b19f4800, 0x000001e4b21a6800, 0x000001e4b28db800, 0x000001e4b630a800,
0x000001e4b4f67000, 0x000001e4b2a81800
}

Java Threads: ( => current thread )
  0x000001e48dc9b000 JavaThread "main" [_thread_blocked, id=9584, stack(0x0000001d7f200000,0x0000001d7f300000)]
  0x000001e4ae95e800 JavaThread "Reference Handler" daemon [_thread_blocked, id=23216, stack(0x0000001d00000000,0x0000001d00100000)]
  0x000001e4ae961000 JavaThread "Finalizer" daemon [_thread_blocked, id=10284, stack(0x0000001d00100000,0x0000001d00200000)]
  0x000001e4ae973000 JavaThread "Signal Dispatcher" daemon [_thread_blocked, id=2900, stack(0x0000001d00200000,0x0000001d00300000)]
  0x000001e4ae974000 JavaThread "Attach Listener" daemon [_thread_blocked, id=2608, stack(0x0000001d00300000,0x0000001d00400000)]
  0x000001e4ae976000 JavaThread "C2 CompilerThread0" daemon [_thread_blocked, id=8576, stack(0x0000001d00400000,0x0000001d00500000)]
  0x000001e4ae97b000 JavaThread "C1 CompilerThread0" daemon [_thread_blocked, id=7064, stack(0x0000001d00500000,0x0000001d00600000)]
  0x000001e4b15ff000 JavaThread "Sweeper thread" daemon [_thread_blocked, id=23336, stack(0x0000001d00600000,0x0000001d00700000)]
  0x000001e4ae935000 JavaThread "Common-Cleaner" daemon [_thread_blocked, id=7008, stack(0x0000001d00700000,0x0000001d00800000)]
  0x000001e4b1764000 JavaThread "JDWP Transport Listener: dt_socket" daemon [_thread_blocked, id=18632, stack(0x0000001d00800000,0x0000001d00900000)] _threads_hazard_ptr=0x000001e4b283e140
  0x000001e4b1765800 JavaThread "JDWP Event Helper Thread" daemon [_thread_blocked, id=25044, stack(0x0000001d00900000,0x0000001d00a00000)]
  0x000001e4b1716800 JavaThread "JDWP Command Reader" daemon [_thread_in_native, id=24168, stack(0x0000001d00a00000,0x0000001d00b00000)]
  0x000001e4b19f4800 JavaThread "Service Thread" daemon [_thread_blocked, id=10528, stack(0x0000001d00b00000,0x0000001d00c00000)]
  0x000001e4b21a6800 JavaThread "ReaderThread" [_thread_in_native, id=22456, stack(0x0000001d01100000,0x0000001d01200000)]
  0x000001e4b28db800 JavaThread "RMI TCP Accept-0" daemon [_thread_in_native, id=21464, stack(0x0000001d01200000,0x0000001d01300000)]
  0x000001e4b630a800 JavaThread "RMI TCP Connection(idle)" daemon [_thread_blocked, id=20500, stack(0x0000001d01300000,0x0000001d01400000)]
  0x000001e4b4f67000 JavaThread "RMI Scheduler(0)" daemon [_thread_blocked, id=16732, stack(0x0000001d01400000,0x0000001d01500000)]
  0x000001e4b2a81800 JavaThread "JMX server connection timeout 20" daemon [_thread_blocked, id=24340, stack(0x0000001d01500000,0x0000001d01600000)]

Other Threads:
=>0x000001e4ae950800 VMThread "VM Thread" [stack: 0x0000001d7f800000,0x0000001d7f900000] [id=1628]
  0x000001e4b19f5800 WatcherThread [stack: 0x0000001d00c00000,0x0000001d00d00000] [id=21276]
  0x000001e48dcff800 GCTaskThread "GC Thread#0" [stack: 0x0000001d7f300000,0x0000001d7f400000] [id=10028]
  0x000001e4b1d0c800 GCTaskThread "GC Thread#1" [stack: 0x0000001d00e00000,0x0000001d00f00000] [id=23572]
  0x000001e4b1df6800 GCTaskThread "GC Thread#2" [stack: 0x0000001d00f00000,0x0000001d01000000] [id=5392]
  0x000001e4b1df7800 GCTaskThread "GC Thread#3" [stack: 0x0000001d01000000,0x0000001d01100000] [id=22532]
  0x000001e4ae790000 ConcurrentGCThread "G1 Main Marker" [stack: 0x0000001d7f400000,0x0000001d7f500000] [id=4540]
  0x000001e48dd0a000 ConcurrentGCThread "G1 Conc#0" [stack: 0x0000001d7f500000,0x0000001d7f600000] [id=12744]
  0x000001e4ae8a0000 ConcurrentGCThread "G1 Refine#0" [stack: 0x0000001d7f600000,0x0000001d7f700000] [id=6836]
  0x000001e4ae8a1000 ConcurrentGCThread "G1 Young RemSet Sampling" [stack: 0x0000001d7f700000,0x0000001d7f800000] [id=25404]

Threads with active compile tasks:

VM state:at safepoint (normal execution)

VM Mutex/Monitor currently owned by a thread:  ([mutex/lock_event])
[0x000001e48dc97710] Threads_lock - owner thread: 0x000001e4ae950800

Heap address: 0x0000000701a00000, size: 4070 MB, Compressed Oops mode: Zero based, Oop shift amount: 3
Narrow klass base: 0x0000000800000000, Narrow klass shift: 3
Compressed class space size: 1073741824 Address: 0x00000008011a0000

Heap:
 garbage-first heap   total 262144K, used 71572K [0x0000000701a00000, 0x0000000800000000)
  region size 1024K, 67 young (68608K), 2 survivors (2048K)
 Metaspace       used 16321K, capacity 17024K, committed 17152K, reserved 1064960K
  class space    used 2194K, capacity 2452K, committed 2560K, reserved 1048576K
Heap Regions: E=young(eden), S=young(survivor), O=old, HS=humongous(starts), HC=humongous(continues), CS=collection set, F=free, A=archive, TAMS=top-at-mark-start (previous, next)
|   0|0x0000000701a00000, 0x0000000701b00000, 0x0000000701b00000|100%| O|  |TAMS 0x0000000701a00000, 0x0000000701a00000| Untracked 
|   1|0x0000000701b00000, 0x0000000701c00000, 0x0000000701c00000|100%| O|  |TAMS 0x0000000701b00000, 0x0000000701b00000| Untracked 
|   2|0x0000000701c00000, 0x0000000701d00000, 0x0000000701d00000|100%| O|  |TAMS 0x0000000701c00000, 0x0000000701c00000| Untracked 
|   3|0x0000000701d00000, 0x0000000701e00000, 0x0000000701e00000|100%| O|  |TAMS 0x0000000701d00000, 0x0000000701d00000| Untracked 
|   4|0x0000000701e00000, 0x0000000701e7d400, 0x0000000701f00000| 48%| O|  |TAMS 0x0000000701e00000, 0x0000000701e00000| Untracked 
|   5|0x0000000701f00000, 0x0000000701f00000, 0x0000000702000000|  0%| F|  |TAMS 0x0000000701f00000, 0x0000000701f00000| Untracked 
|   6|0x0000000702000000, 0x0000000702000000, 0x0000000702100000|  0%| F|  |TAMS 0x0000000702000000, 0x0000000702000000| Untracked 
|   7|0x0000000702100000, 0x0000000702100000, 0x0000000702200000|  0%| F|  |TAMS 0x0000000702100000, 0x0000000702100000| Untracked 
|   8|0x0000000702200000, 0x0000000702200000, 0x0000000702300000|  0%| F|  |TAMS 0x0000000702200000, 0x0000000702200000| Untracked 
|   9|0x0000000702300000, 0x0000000702300000, 0x0000000702400000|  0%| F|  |TAMS 0x0000000702300000, 0x0000000702300000| Untracked 
|  10|0x0000000702400000, 0x0000000702400000, 0x0000000702500000|  0%| F|  |TAMS 0x0000000702400000, 0x0000000702400000| Untracked 
|  11|0x0000000702500000, 0x0000000702500000, 0x0000000702600000|  0%| F|  |TAMS 0x0000000702500000, 0x0000000702500000| Untracked 
|  12|0x0000000702600000, 0x0000000702600000, 0x0000000702700000|  0%| F|  |TAMS 0x0000000702600000, 0x0000000702600000| Untracked 
|  13|0x0000000702700000, 0x0000000702700000, 0x0000000702800000|  0%| F|  |TAMS 0x0000000702700000, 0x0000000702700000| Untracked 
|  14|0x0000000702800000, 0x0000000702800000, 0x0000000702900000|  0%| F|  |TAMS 0x0000000702800000, 0x0000000702800000| Untracked 
|  15|0x0000000702900000, 0x0000000702900000, 0x0000000702a00000|  0%| F|  |TAMS 0x0000000702900000, 0x0000000702900000| Untracked 
|  16|0x0000000702a00000, 0x0000000702a00000, 0x0000000702b00000|  0%| F|  |TAMS 0x0000000702a00000, 0x0000000702a00000| Untracked 
|  17|0x0000000702b00000, 0x0000000702b00000, 0x0000000702c00000|  0%| F|  |TAMS 0x0000000702b00000, 0x0000000702b00000| Untracked 
|  18|0x0000000702c00000, 0x0000000702c00000, 0x0000000702d00000|  0%| F|  |TAMS 0x0000000702c00000, 0x0000000702c00000| Untracked 
|  19|0x0000000702d00000, 0x0000000702d00000, 0x0000000702e00000|  0%| F|  |TAMS 0x0000000702d00000, 0x0000000702d00000| Untracked 
|  20|0x0000000702e00000, 0x0000000702e00000, 0x0000000702f00000|  0%| F|  |TAMS 0x0000000702e00000, 0x0000000702e00000| Untracked 
|  21|0x0000000702f00000, 0x0000000702f00000, 0x0000000703000000|  0%| F|  |TAMS 0x0000000702f00000, 0x0000000702f00000| Untracked 
|  22|0x0000000703000000, 0x0000000703000000, 0x0000000703100000|  0%| F|  |TAMS 0x0000000703000000, 0x0000000703000000| Untracked 
|  23|0x0000000703100000, 0x0000000703100000, 0x0000000703200000|  0%| F|  |TAMS 0x0000000703100000, 0x0000000703100000| Untracked 
|  24|0x0000000703200000, 0x0000000703200000, 0x0000000703300000|  0%| F|  |TAMS 0x0000000703200000, 0x0000000703200000| Untracked 
|  25|0x0000000703300000, 0x0000000703300000, 0x0000000703400000|  0%| F|  |TAMS 0x0000000703300000, 0x0000000703300000| Untracked 
|  26|0x0000000703400000, 0x0000000703400000, 0x0000000703500000|  0%| F|  |TAMS 0x0000000703400000, 0x0000000703400000| Untracked 
|  27|0x0000000703500000, 0x0000000703500000, 0x0000000703600000|  0%| F|  |TAMS 0x0000000703500000, 0x0000000703500000| Untracked 
|  28|0x0000000703600000, 0x0000000703600000, 0x0000000703700000|  0%| F|  |TAMS 0x0000000703600000, 0x0000000703600000| Untracked 
|  29|0x0000000703700000, 0x0000000703700000, 0x0000000703800000|  0%| F|  |TAMS 0x0000000703700000, 0x0000000703700000| Untracked 
|  30|0x0000000703800000, 0x0000000703800000, 0x0000000703900000|  0%| F|  |TAMS 0x0000000703800000, 0x0000000703800000| Untracked 
|  31|0x0000000703900000, 0x0000000703900000, 0x0000000703a00000|  0%| F|  |TAMS 0x0000000703900000, 0x0000000703900000| Untracked 
|  32|0x0000000703a00000, 0x0000000703a00000, 0x0000000703b00000|  0%| F|  |TAMS 0x0000000703a00000, 0x0000000703a00000| Untracked 
|  33|0x0000000703b00000, 0x0000000703b00000, 0x0000000703c00000|  0%| F|  |TAMS 0x0000000703b00000, 0x0000000703b00000| Untracked 
|  34|0x0000000703c00000, 0x0000000703c00000, 0x0000000703d00000|  0%| F|  |TAMS 0x0000000703c00000, 0x0000000703c00000| Untracked 
|  35|0x0000000703d00000, 0x0000000703d00000, 0x0000000703e00000|  0%| F|  |TAMS 0x0000000703d00000, 0x0000000703d00000| Untracked 
|  36|0x0000000703e00000, 0x0000000703e00000, 0x0000000703f00000|  0%| F|  |TAMS 0x0000000703e00000, 0x0000000703e00000| Untracked 
|  37|0x0000000703f00000, 0x0000000703f00000, 0x0000000704000000|  0%| F|  |TAMS 0x0000000703f00000, 0x0000000703f00000| Untracked 
|  38|0x0000000704000000, 0x0000000704000000, 0x0000000704100000|  0%| F|  |TAMS 0x0000000704000000, 0x0000000704000000| Untracked 
|  39|0x0000000704100000, 0x0000000704100000, 0x0000000704200000|  0%| F|  |TAMS 0x0000000704100000, 0x0000000704100000| Untracked 
|  40|0x0000000704200000, 0x0000000704200000, 0x0000000704300000|  0%| F|  |TAMS 0x0000000704200000, 0x0000000704200000| Untracked 
|  41|0x0000000704300000, 0x0000000704300000, 0x0000000704400000|  0%| F|  |TAMS 0x0000000704300000, 0x0000000704300000| Untracked 
|  42|0x0000000704400000, 0x0000000704400000, 0x0000000704500000|  0%| F|  |TAMS 0x0000000704400000, 0x0000000704400000| Untracked 
|  43|0x0000000704500000, 0x0000000704500000, 0x0000000704600000|  0%| F|  |TAMS 0x0000000704500000, 0x0000000704500000| Untracked 
|  44|0x0000000704600000, 0x0000000704600000, 0x0000000704700000|  0%| F|  |TAMS 0x0000000704600000, 0x0000000704600000| Untracked 
|  45|0x0000000704700000, 0x0000000704700000, 0x0000000704800000|  0%| F|  |TAMS 0x0000000704700000, 0x0000000704700000| Untracked 
|  46|0x0000000704800000, 0x0000000704800000, 0x0000000704900000|  0%| F|  |TAMS 0x0000000704800000, 0x0000000704800000| Untracked 
|  47|0x0000000704900000, 0x0000000704900000, 0x0000000704a00000|  0%| F|  |TAMS 0x0000000704900000, 0x0000000704900000| Untracked 
|  48|0x0000000704a00000, 0x0000000704a00000, 0x0000000704b00000|  0%| F|  |TAMS 0x0000000704a00000, 0x0000000704a00000| Untracked 
|  49|0x0000000704b00000, 0x0000000704b00000, 0x0000000704c00000|  0%| F|  |TAMS 0x0000000704b00000, 0x0000000704b00000| Untracked 
|  50|0x0000000704c00000, 0x0000000704c00000, 0x0000000704d00000|  0%| F|  |TAMS 0x0000000704c00000, 0x0000000704c00000| Untracked 
|  51|0x0000000704d00000, 0x0000000704d00000, 0x0000000704e00000|  0%| F|  |TAMS 0x0000000704d00000, 0x0000000704d00000| Untracked 
|  52|0x0000000704e00000, 0x0000000704e00000, 0x0000000704f00000|  0%| F|  |TAMS 0x0000000704e00000, 0x0000000704e00000| Untracked 
|  53|0x0000000704f00000, 0x0000000704f00000, 0x0000000705000000|  0%| F|  |TAMS 0x0000000704f00000, 0x0000000704f00000| Untracked 
|  54|0x0000000705000000, 0x0000000705000000, 0x0000000705100000|  0%| F|  |TAMS 0x0000000705000000, 0x0000000705000000| Untracked 
|  55|0x0000000705100000, 0x0000000705100000, 0x0000000705200000|  0%| F|  |TAMS 0x0000000705100000, 0x0000000705100000| Untracked 
|  56|0x0000000705200000, 0x0000000705200000, 0x0000000705300000|  0%| F|  |TAMS 0x0000000705200000, 0x0000000705200000| Untracked 
|  57|0x0000000705300000, 0x0000000705300000, 0x0000000705400000|  0%| F|  |TAMS 0x0000000705300000, 0x0000000705300000| Untracked 
|  58|0x0000000705400000, 0x0000000705400000, 0x0000000705500000|  0%| F|  |TAMS 0x0000000705400000, 0x0000000705400000| Untracked 
|  59|0x0000000705500000, 0x0000000705500000, 0x0000000705600000|  0%| F|  |TAMS 0x0000000705500000, 0x0000000705500000| Untracked 
|  60|0x0000000705600000, 0x0000000705600000, 0x0000000705700000|  0%| F|  |TAMS 0x0000000705600000, 0x0000000705600000| Untracked 
|  61|0x0000000705700000, 0x0000000705700000, 0x0000000705800000|  0%| F|  |TAMS 0x0000000705700000, 0x0000000705700000| Untracked 
|  62|0x0000000705800000, 0x0000000705800000, 0x0000000705900000|  0%| F|  |TAMS 0x0000000705800000, 0x0000000705800000| Untracked 
|  63|0x0000000705900000, 0x0000000705900000, 0x0000000705a00000|  0%| F|  |TAMS 0x0000000705900000, 0x0000000705900000| Untracked 
|  64|0x0000000705a00000, 0x0000000705a00000, 0x0000000705b00000|  0%| F|  |TAMS 0x0000000705a00000, 0x0000000705a00000| Untracked 
|  65|0x0000000705b00000, 0x0000000705b00000, 0x0000000705c00000|  0%| F|  |TAMS 0x0000000705b00000, 0x0000000705b00000| Untracked 
|  66|0x0000000705c00000, 0x0000000705c00000, 0x0000000705d00000|  0%| F|  |TAMS 0x0000000705c00000, 0x0000000705c00000| Untracked 
|  67|0x0000000705d00000, 0x0000000705d00000, 0x0000000705e00000|  0%| F|  |TAMS 0x0000000705d00000, 0x0000000705d00000| Untracked 
|  68|0x0000000705e00000, 0x0000000705e00000, 0x0000000705f00000|  0%| F|  |TAMS 0x0000000705e00000, 0x0000000705e00000| Untracked 
|  69|0x0000000705f00000, 0x0000000705f00000, 0x0000000706000000|  0%| F|  |TAMS 0x0000000705f00000, 0x0000000705f00000| Untracked 
|  70|0x0000000706000000, 0x0000000706000000, 0x0000000706100000|  0%| F|  |TAMS 0x0000000706000000, 0x0000000706000000| Untracked 
|  71|0x0000000706100000, 0x0000000706100000, 0x0000000706200000|  0%| F|  |TAMS 0x0000000706100000, 0x0000000706100000| Untracked 
|  72|0x0000000706200000, 0x0000000706200000, 0x0000000706300000|  0%| F|  |TAMS 0x0000000706200000, 0x0000000706200000| Untracked 
|  73|0x0000000706300000, 0x0000000706300000, 0x0000000706400000|  0%| F|  |TAMS 0x0000000706300000, 0x0000000706300000| Untracked 
|  74|0x0000000706400000, 0x0000000706400000, 0x0000000706500000|  0%| F|  |TAMS 0x0000000706400000, 0x0000000706400000| Untracked 
|  75|0x0000000706500000, 0x0000000706500000, 0x0000000706600000|  0%| F|  |TAMS 0x0000000706500000, 0x0000000706500000| Untracked 
|  76|0x0000000706600000, 0x0000000706600000, 0x0000000706700000|  0%| F|  |TAMS 0x0000000706600000, 0x0000000706600000| Untracked 
|  77|0x0000000706700000, 0x0000000706700000, 0x0000000706800000|  0%| F|  |TAMS 0x0000000706700000, 0x0000000706700000| Untracked 
|  78|0x0000000706800000, 0x0000000706800000, 0x0000000706900000|  0%| F|  |TAMS 0x0000000706800000, 0x0000000706800000| Untracked 
|  79|0x0000000706900000, 0x0000000706900000, 0x0000000706a00000|  0%| F|  |TAMS 0x0000000706900000, 0x0000000706900000| Untracked 
|  80|0x0000000706a00000, 0x0000000706a00000, 0x0000000706b00000|  0%| F|  |TAMS 0x0000000706a00000, 0x0000000706a00000| Untracked 
|  81|0x0000000706b00000, 0x0000000706b00000, 0x0000000706c00000|  0%| F|  |TAMS 0x0000000706b00000, 0x0000000706b00000| Untracked 
|  82|0x0000000706c00000, 0x0000000706c00000, 0x0000000706d00000|  0%| F|  |TAMS 0x0000000706c00000, 0x0000000706c00000| Untracked 
|  83|0x0000000706d00000, 0x0000000706d00000, 0x0000000706e00000|  0%| F|  |TAMS 0x0000000706d00000, 0x0000000706d00000| Untracked 
|  84|0x0000000706e00000, 0x0000000706e00000, 0x0000000706f00000|  0%| F|  |TAMS 0x0000000706e00000, 0x0000000706e00000| Untracked 
|  85|0x0000000706f00000, 0x0000000706f00000, 0x0000000707000000|  0%| F|  |TAMS 0x0000000706f00000, 0x0000000706f00000| Untracked 
|  86|0x0000000707000000, 0x0000000707000000, 0x0000000707100000|  0%| F|  |TAMS 0x0000000707000000, 0x0000000707000000| Untracked 
|  87|0x0000000707100000, 0x0000000707100000, 0x0000000707200000|  0%| F|  |TAMS 0x0000000707100000, 0x0000000707100000| Untracked 
|  88|0x0000000707200000, 0x0000000707200000, 0x0000000707300000|  0%| F|  |TAMS 0x0000000707200000, 0x0000000707200000| Untracked 
|  89|0x0000000707300000, 0x0000000707300000, 0x0000000707400000|  0%| F|  |TAMS 0x0000000707300000, 0x0000000707300000| Untracked 
|  90|0x0000000707400000, 0x0000000707400000, 0x0000000707500000|  0%| F|  |TAMS 0x0000000707400000, 0x0000000707400000| Untracked 
|  91|0x0000000707500000, 0x0000000707500000, 0x0000000707600000|  0%| F|  |TAMS 0x0000000707500000, 0x0000000707500000| Untracked 
|  92|0x0000000707600000, 0x0000000707600000, 0x0000000707700000|  0%| F|  |TAMS 0x0000000707600000, 0x0000000707600000| Untracked 
|  93|0x0000000707700000, 0x0000000707700000, 0x0000000707800000|  0%| F|  |TAMS 0x0000000707700000, 0x0000000707700000| Untracked 
|  94|0x0000000707800000, 0x0000000707800000, 0x0000000707900000|  0%| F|  |TAMS 0x0000000707800000, 0x0000000707800000| Untracked 
|  95|0x0000000707900000, 0x0000000707900000, 0x0000000707a00000|  0%| F|  |TAMS 0x0000000707900000, 0x0000000707900000| Untracked 
|  96|0x0000000707a00000, 0x0000000707a00000, 0x0000000707b00000|  0%| F|  |TAMS 0x0000000707a00000, 0x0000000707a00000| Untracked 
|  97|0x0000000707b00000, 0x0000000707b00000, 0x0000000707c00000|  0%| F|  |TAMS 0x0000000707b00000, 0x0000000707b00000| Untracked 
|  98|0x0000000707c00000, 0x0000000707c00000, 0x0000000707d00000|  0%| F|  |TAMS 0x0000000707c00000, 0x0000000707c00000| Untracked 
|  99|0x0000000707d00000, 0x0000000707d00000, 0x0000000707e00000|  0%| F|  |TAMS 0x0000000707d00000, 0x0000000707d00000| Untracked 
| 100|0x0000000707e00000, 0x0000000707e00000, 0x0000000707f00000|  0%| F|  |TAMS 0x0000000707e00000, 0x0000000707e00000| Untracked 
| 101|0x0000000707f00000, 0x0000000707f00000, 0x0000000708000000|  0%| F|  |TAMS 0x0000000707f00000, 0x0000000707f00000| Untracked 
| 102|0x0000000708000000, 0x0000000708000000, 0x0000000708100000|  0%| F|  |TAMS 0x0000000708000000, 0x0000000708000000| Untracked 
| 103|0x0000000708100000, 0x0000000708100000, 0x0000000708200000|  0%| F|  |TAMS 0x0000000708100000, 0x0000000708100000| Untracked 
| 104|0x0000000708200000, 0x0000000708200000, 0x0000000708300000|  0%| F|  |TAMS 0x0000000708200000, 0x0000000708200000| Untracked 
| 105|0x0000000708300000, 0x0000000708300000, 0x0000000708400000|  0%| F|  |TAMS 0x0000000708300000, 0x0000000708300000| Untracked 
| 106|0x0000000708400000, 0x0000000708400000, 0x0000000708500000|  0%| F|  |TAMS 0x0000000708400000, 0x0000000708400000| Untracked 
| 107|0x0000000708500000, 0x0000000708500000, 0x0000000708600000|  0%| F|  |TAMS 0x0000000708500000, 0x0000000708500000| Untracked 
| 108|0x0000000708600000, 0x0000000708600000, 0x0000000708700000|  0%| F|  |TAMS 0x0000000708600000, 0x0000000708600000| Untracked 
| 109|0x0000000708700000, 0x0000000708700000, 0x0000000708800000|  0%| F|  |TAMS 0x0000000708700000, 0x0000000708700000| Untracked 
| 110|0x0000000708800000, 0x0000000708800000, 0x0000000708900000|  0%| F|  |TAMS 0x0000000708800000, 0x0000000708800000| Untracked 
| 111|0x0000000708900000, 0x0000000708900000, 0x0000000708a00000|  0%| F|  |TAMS 0x0000000708900000, 0x0000000708900000| Untracked 
| 112|0x0000000708a00000, 0x0000000708a00000, 0x0000000708b00000|  0%| F|  |TAMS 0x0000000708a00000, 0x0000000708a00000| Untracked 
| 113|0x0000000708b00000, 0x0000000708b00000, 0x0000000708c00000|  0%| F|  |TAMS 0x0000000708b00000, 0x0000000708b00000| Untracked 
| 114|0x0000000708c00000, 0x0000000708c00000, 0x0000000708d00000|  0%| F|  |TAMS 0x0000000708c00000, 0x0000000708c00000| Untracked 
| 115|0x0000000708d00000, 0x0000000708d00000, 0x0000000708e00000|  0%| F|  |TAMS 0x0000000708d00000, 0x0000000708d00000| Untracked 
| 116|0x0000000708e00000, 0x0000000708e00000, 0x0000000708f00000|  0%| F|  |TAMS 0x0000000708e00000, 0x0000000708e00000| Untracked 
| 117|0x0000000708f00000, 0x0000000708f00000, 0x0000000709000000|  0%| F|  |TAMS 0x0000000708f00000, 0x0000000708f00000| Untracked 
| 118|0x0000000709000000, 0x0000000709000000, 0x0000000709100000|  0%| F|  |TAMS 0x0000000709000000, 0x0000000709000000| Untracked 
| 119|0x0000000709100000, 0x0000000709100000, 0x0000000709200000|  0%| F|  |TAMS 0x0000000709100000, 0x0000000709100000| Untracked 
| 120|0x0000000709200000, 0x0000000709200000, 0x0000000709300000|  0%| F|  |TAMS 0x0000000709200000, 0x0000000709200000| Untracked 
| 121|0x0000000709300000, 0x0000000709300000, 0x0000000709400000|  0%| F|  |TAMS 0x0000000709300000, 0x0000000709300000| Untracked 
| 122|0x0000000709400000, 0x0000000709400000, 0x0000000709500000|  0%| F|  |TAMS 0x0000000709400000, 0x0000000709400000| Untracked 
| 123|0x0000000709500000, 0x0000000709500000, 0x0000000709600000|  0%| F|  |TAMS 0x0000000709500000, 0x0000000709500000| Untracked 
| 124|0x0000000709600000, 0x0000000709600000, 0x0000000709700000|  0%| F|  |TAMS 0x0000000709600000, 0x0000000709600000| Untracked 
| 125|0x0000000709700000, 0x0000000709700000, 0x0000000709800000|  0%| F|  |TAMS 0x0000000709700000, 0x0000000709700000| Untracked 
| 126|0x0000000709800000, 0x0000000709800000, 0x0000000709900000|  0%| F|  |TAMS 0x0000000709800000, 0x0000000709800000| Untracked 
| 127|0x0000000709900000, 0x0000000709900000, 0x0000000709a00000|  0%| F|  |TAMS 0x0000000709900000, 0x0000000709900000| Untracked 
| 128|0x0000000709a00000, 0x0000000709a00000, 0x0000000709b00000|  0%| F|  |TAMS 0x0000000709a00000, 0x0000000709a00000| Untracked 
| 129|0x0000000709b00000, 0x0000000709b00000, 0x0000000709c00000|  0%| F|  |TAMS 0x0000000709b00000, 0x0000000709b00000| Untracked 
| 130|0x0000000709c00000, 0x0000000709c00000, 0x0000000709d00000|  0%| F|  |TAMS 0x0000000709c00000, 0x0000000709c00000| Untracked 
| 131|0x0000000709d00000, 0x0000000709d00000, 0x0000000709e00000|  0%| F|  |TAMS 0x0000000709d00000, 0x0000000709d00000| Untracked 
| 132|0x0000000709e00000, 0x0000000709e00000, 0x0000000709f00000|  0%| F|  |TAMS 0x0000000709e00000, 0x0000000709e00000| Untracked 
| 133|0x0000000709f00000, 0x0000000709f00000, 0x000000070a000000|  0%| F|  |TAMS 0x0000000709f00000, 0x0000000709f00000| Untracked 
| 134|0x000000070a000000, 0x000000070a000000, 0x000000070a100000|  0%| F|  |TAMS 0x000000070a000000, 0x000000070a000000| Untracked 
| 135|0x000000070a100000, 0x000000070a100000, 0x000000070a200000|  0%| F|  |TAMS 0x000000070a100000, 0x000000070a100000| Untracked 
| 136|0x000000070a200000, 0x000000070a200000, 0x000000070a300000|  0%| F|  |TAMS 0x000000070a200000, 0x000000070a200000| Untracked 
| 137|0x000000070a300000, 0x000000070a300000, 0x000000070a400000|  0%| F|  |TAMS 0x000000070a300000, 0x000000070a300000| Untracked 
| 138|0x000000070a400000, 0x000000070a400000, 0x000000070a500000|  0%| F|  |TAMS 0x000000070a400000, 0x000000070a400000| Untracked 
| 139|0x000000070a500000, 0x000000070a500000, 0x000000070a600000|  0%| F|  |TAMS 0x000000070a500000, 0x000000070a500000| Untracked 
| 140|0x000000070a600000, 0x000000070a600000, 0x000000070a700000|  0%| F|  |TAMS 0x000000070a600000, 0x000000070a600000| Untracked 
| 141|0x000000070a700000, 0x000000070a700000, 0x000000070a800000|  0%| F|  |TAMS 0x000000070a700000, 0x000000070a700000| Untracked 
| 142|0x000000070a800000, 0x000000070a800000, 0x000000070a900000|  0%| F|  |TAMS 0x000000070a800000, 0x000000070a800000| Untracked 
| 143|0x000000070a900000, 0x000000070a900000, 0x000000070aa00000|  0%| F|  |TAMS 0x000000070a900000, 0x000000070a900000| Untracked 
| 144|0x000000070aa00000, 0x000000070aa00000, 0x000000070ab00000|  0%| F|  |TAMS 0x000000070aa00000, 0x000000070aa00000| Untracked 
| 145|0x000000070ab00000, 0x000000070ab00000, 0x000000070ac00000|  0%| F|  |TAMS 0x000000070ab00000, 0x000000070ab00000| Untracked 
| 146|0x000000070ac00000, 0x000000070ac00000, 0x000000070ad00000|  0%| F|  |TAMS 0x000000070ac00000, 0x000000070ac00000| Untracked 
| 147|0x000000070ad00000, 0x000000070ad00000, 0x000000070ae00000|  0%| F|  |TAMS 0x000000070ad00000, 0x000000070ad00000| Untracked 
| 148|0x000000070ae00000, 0x000000070ae00000, 0x000000070af00000|  0%| F|  |TAMS 0x000000070ae00000, 0x000000070ae00000| Untracked 
| 149|0x000000070af00000, 0x000000070af00000, 0x000000070b000000|  0%| F|  |TAMS 0x000000070af00000, 0x000000070af00000| Untracked 
| 150|0x000000070b000000, 0x000000070b000000, 0x000000070b100000|  0%| F|  |TAMS 0x000000070b000000, 0x000000070b000000| Untracked 
| 151|0x000000070b100000, 0x000000070b100000, 0x000000070b200000|  0%| F|  |TAMS 0x000000070b100000, 0x000000070b100000| Untracked 
| 152|0x000000070b200000, 0x000000070b200000, 0x000000070b300000|  0%| F|  |TAMS 0x000000070b200000, 0x000000070b200000| Untracked 
| 153|0x000000070b300000, 0x000000070b300000, 0x000000070b400000|  0%| F|  |TAMS 0x000000070b300000, 0x000000070b300000| Untracked 
| 154|0x000000070b400000, 0x000000070b400000, 0x000000070b500000|  0%| F|  |TAMS 0x000000070b400000, 0x000000070b400000| Untracked 
| 155|0x000000070b500000, 0x000000070b500000, 0x000000070b600000|  0%| F|  |TAMS 0x000000070b500000, 0x000000070b500000| Untracked 
| 156|0x000000070b600000, 0x000000070b600000, 0x000000070b700000|  0%| F|  |TAMS 0x000000070b600000, 0x000000070b600000| Untracked 
| 157|0x000000070b700000, 0x000000070b700000, 0x000000070b800000|  0%| F|  |TAMS 0x000000070b700000, 0x000000070b700000| Untracked 
| 158|0x000000070b800000, 0x000000070b800000, 0x000000070b900000|  0%| F|  |TAMS 0x000000070b800000, 0x000000070b800000| Untracked 
| 159|0x000000070b900000, 0x000000070b900000, 0x000000070ba00000|  0%| F|  |TAMS 0x000000070b900000, 0x000000070b900000| Untracked 
| 160|0x000000070ba00000, 0x000000070ba00000, 0x000000070bb00000|  0%| F|  |TAMS 0x000000070ba00000, 0x000000070ba00000| Untracked 
| 161|0x000000070bb00000, 0x000000070bb00000, 0x000000070bc00000|  0%| F|  |TAMS 0x000000070bb00000, 0x000000070bb00000| Untracked 
| 162|0x000000070bc00000, 0x000000070bc00000, 0x000000070bd00000|  0%| F|  |TAMS 0x000000070bc00000, 0x000000070bc00000| Untracked 
| 163|0x000000070bd00000, 0x000000070bd00000, 0x000000070be00000|  0%| F|  |TAMS 0x000000070bd00000, 0x000000070bd00000| Untracked 
| 164|0x000000070be00000, 0x000000070be00000, 0x000000070bf00000|  0%| F|  |TAMS 0x000000070be00000, 0x000000070be00000| Untracked 
| 165|0x000000070bf00000, 0x000000070bf00000, 0x000000070c000000|  0%| F|  |TAMS 0x000000070bf00000, 0x000000070bf00000| Untracked 
| 166|0x000000070c000000, 0x000000070c000000, 0x000000070c100000|  0%| F|  |TAMS 0x000000070c000000, 0x000000070c000000| Untracked 
| 167|0x000000070c100000, 0x000000070c100000, 0x000000070c200000|  0%| F|  |TAMS 0x000000070c100000, 0x000000070c100000| Untracked 
| 168|0x000000070c200000, 0x000000070c200000, 0x000000070c300000|  0%| F|  |TAMS 0x000000070c200000, 0x000000070c200000| Untracked 
| 169|0x000000070c300000, 0x000000070c300000, 0x000000070c400000|  0%| F|  |TAMS 0x000000070c300000, 0x000000070c300000| Untracked 
| 170|0x000000070c400000, 0x000000070c400000, 0x000000070c500000|  0%| F|  |TAMS 0x000000070c400000, 0x000000070c400000| Untracked 
| 171|0x000000070c500000, 0x000000070c500000, 0x000000070c600000|  0%| F|  |TAMS 0x000000070c500000, 0x000000070c500000| Untracked 
| 172|0x000000070c600000, 0x000000070c600000, 0x000000070c700000|  0%| F|  |TAMS 0x000000070c600000, 0x000000070c600000| Untracked 
| 173|0x000000070c700000, 0x000000070c700000, 0x000000070c800000|  0%| F|  |TAMS 0x000000070c700000, 0x000000070c700000| Untracked 
| 174|0x000000070c800000, 0x000000070c800000, 0x000000070c900000|  0%| F|  |TAMS 0x000000070c800000, 0x000000070c800000| Untracked 
| 175|0x000000070c900000, 0x000000070c900000, 0x000000070ca00000|  0%| F|  |TAMS 0x000000070c900000, 0x000000070c900000| Untracked 
| 176|0x000000070ca00000, 0x000000070ca00000, 0x000000070cb00000|  0%| F|  |TAMS 0x000000070ca00000, 0x000000070ca00000| Untracked 
| 177|0x000000070cb00000, 0x000000070cb00000, 0x000000070cc00000|  0%| F|  |TAMS 0x000000070cb00000, 0x000000070cb00000| Untracked 
| 178|0x000000070cc00000, 0x000000070cc00000, 0x000000070cd00000|  0%| F|  |TAMS 0x000000070cc00000, 0x000000070cc00000| Untracked 
| 179|0x000000070cd00000, 0x000000070cd00000, 0x000000070ce00000|  0%| F|  |TAMS 0x000000070cd00000, 0x000000070cd00000| Untracked 
| 180|0x000000070ce00000, 0x000000070ce00000, 0x000000070cf00000|  0%| F|  |TAMS 0x000000070ce00000, 0x000000070ce00000| Untracked 
| 181|0x000000070cf00000, 0x000000070cf00000, 0x000000070d000000|  0%| F|  |TAMS 0x000000070cf00000, 0x000000070cf00000| Untracked 
| 182|0x000000070d000000, 0x000000070d000000, 0x000000070d100000|  0%| F|  |TAMS 0x000000070d000000, 0x000000070d000000| Untracked 
| 183|0x000000070d100000, 0x000000070d100000, 0x000000070d200000|  0%| F|  |TAMS 0x000000070d100000, 0x000000070d100000| Untracked 
| 184|0x000000070d200000, 0x000000070d200000, 0x000000070d300000|  0%| F|  |TAMS 0x000000070d200000, 0x000000070d200000| Untracked 
| 185|0x000000070d300000, 0x000000070d300000, 0x000000070d400000|  0%| F|  |TAMS 0x000000070d300000, 0x000000070d300000| Untracked 
| 186|0x000000070d400000, 0x000000070d400000, 0x000000070d500000|  0%| F|  |TAMS 0x000000070d400000, 0x000000070d400000| Untracked 
| 187|0x000000070d500000, 0x000000070d500000, 0x000000070d600000|  0%| F|  |TAMS 0x000000070d500000, 0x000000070d500000| Untracked 
| 188|0x000000070d600000, 0x000000070d600000, 0x000000070d700000|  0%| F|  |TAMS 0x000000070d600000, 0x000000070d600000| Untracked 
| 189|0x000000070d700000, 0x000000070d800000, 0x000000070d800000|100%| E|  |TAMS 0x000000070d700000, 0x000000070d700000| Complete 
| 190|0x000000070d800000, 0x000000070d900000, 0x000000070d900000|100%| E|CS|TAMS 0x000000070d800000, 0x000000070d800000| Complete 
| 191|0x000000070d900000, 0x000000070da00000, 0x000000070da00000|100%| E|CS|TAMS 0x000000070d900000, 0x000000070d900000| Complete 
| 192|0x000000070da00000, 0x000000070db00000, 0x000000070db00000|100%| E|CS|TAMS 0x000000070da00000, 0x000000070da00000| Complete 
| 193|0x000000070db00000, 0x000000070dc00000, 0x000000070dc00000|100%| E|CS|TAMS 0x000000070db00000, 0x000000070db00000| Complete 
| 194|0x000000070dc00000, 0x000000070dd00000, 0x000000070dd00000|100%| E|CS|TAMS 0x000000070dc00000, 0x000000070dc00000| Complete 
| 195|0x000000070dd00000, 0x000000070de00000, 0x000000070de00000|100%| E|CS|TAMS 0x000000070dd00000, 0x000000070dd00000| Complete 
| 196|0x000000070de00000, 0x000000070df00000, 0x000000070df00000|100%| E|CS|TAMS 0x000000070de00000, 0x000000070de00000| Complete 
| 197|0x000000070df00000, 0x000000070e000000, 0x000000070e000000|100%| E|CS|TAMS 0x000000070df00000, 0x000000070df00000| Complete 
| 198|0x000000070e000000, 0x000000070e100000, 0x000000070e100000|100%| E|CS|TAMS 0x000000070e000000, 0x000000070e000000| Complete 
| 199|0x000000070e100000, 0x000000070e167dd0, 0x000000070e200000| 40%| S|CS|TAMS 0x000000070e100000, 0x000000070e100000| Complete 
| 200|0x000000070e200000, 0x000000070e300000, 0x000000070e300000|100%| S|CS|TAMS 0x000000070e200000, 0x000000070e200000| Complete 
| 201|0x000000070e300000, 0x000000070e400000, 0x000000070e400000|100%| E|CS|TAMS 0x000000070e300000, 0x000000070e300000| Complete 
| 202|0x000000070e400000, 0x000000070e500000, 0x000000070e500000|100%| E|CS|TAMS 0x000000070e400000, 0x000000070e400000| Complete 
| 203|0x000000070e500000, 0x000000070e600000, 0x000000070e600000|100%| E|CS|TAMS 0x000000070e500000, 0x000000070e500000| Complete 
| 204|0x000000070e600000, 0x000000070e700000, 0x000000070e700000|100%| E|CS|TAMS 0x000000070e600000, 0x000000070e600000| Complete 
| 205|0x000000070e700000, 0x000000070e800000, 0x000000070e800000|100%| E|CS|TAMS 0x000000070e700000, 0x000000070e700000| Complete 
| 206|0x000000070e800000, 0x000000070e900000, 0x000000070e900000|100%| E|CS|TAMS 0x000000070e800000, 0x000000070e800000| Complete 
| 207|0x000000070e900000, 0x000000070ea00000, 0x000000070ea00000|100%| E|CS|TAMS 0x000000070e900000, 0x000000070e900000| Complete 
| 208|0x000000070ea00000, 0x000000070eb00000, 0x000000070eb00000|100%| E|CS|TAMS 0x000000070ea00000, 0x000000070ea00000| Complete 
| 209|0x000000070eb00000, 0x000000070ec00000, 0x000000070ec00000|100%| E|CS|TAMS 0x000000070eb00000, 0x000000070eb00000| Complete 
| 210|0x000000070ec00000, 0x000000070ed00000, 0x000000070ed00000|100%| E|CS|TAMS 0x000000070ec00000, 0x000000070ec00000| Complete 
| 211|0x000000070ed00000, 0x000000070ee00000, 0x000000070ee00000|100%| E|CS|TAMS 0x000000070ed00000, 0x000000070ed00000| Complete 
| 212|0x000000070ee00000, 0x000000070ef00000, 0x000000070ef00000|100%| E|CS|TAMS 0x000000070ee00000, 0x000000070ee00000| Complete 
| 213|0x000000070ef00000, 0x000000070f000000, 0x000000070f000000|100%| E|CS|TAMS 0x000000070ef00000, 0x000000070ef00000| Complete 
| 214|0x000000070f000000, 0x000000070f100000, 0x000000070f100000|100%| E|CS|TAMS 0x000000070f000000, 0x000000070f000000| Complete 
| 215|0x000000070f100000, 0x000000070f200000, 0x000000070f200000|100%| E|CS|TAMS 0x000000070f100000, 0x000000070f100000| Complete 
| 216|0x000000070f200000, 0x000000070f300000, 0x000000070f300000|100%| E|CS|TAMS 0x000000070f200000, 0x000000070f200000| Complete 
| 217|0x000000070f300000, 0x000000070f400000, 0x000000070f400000|100%| E|CS|TAMS 0x000000070f300000, 0x000000070f300000| Complete 
| 218|0x000000070f400000, 0x000000070f500000, 0x000000070f500000|100%| E|CS|TAMS 0x000000070f400000, 0x000000070f400000| Complete 
| 219|0x000000070f500000, 0x000000070f600000, 0x000000070f600000|100%| E|CS|TAMS 0x000000070f500000, 0x000000070f500000| Complete 
| 220|0x000000070f600000, 0x000000070f700000, 0x000000070f700000|100%| E|CS|TAMS 0x000000070f600000, 0x000000070f600000| Complete 
| 221|0x000000070f700000, 0x000000070f800000, 0x000000070f800000|100%| E|CS|TAMS 0x000000070f700000, 0x000000070f700000| Complete 
| 222|0x000000070f800000, 0x000000070f900000, 0x000000070f900000|100%| E|CS|TAMS 0x000000070f800000, 0x000000070f800000| Complete 
| 223|0x000000070f900000, 0x000000070fa00000, 0x000000070fa00000|100%| E|CS|TAMS 0x000000070f900000, 0x000000070f900000| Complete 
| 224|0x000000070fa00000, 0x000000070fb00000, 0x000000070fb00000|100%| E|CS|TAMS 0x000000070fa00000, 0x000000070fa00000| Complete 
| 225|0x000000070fb00000, 0x000000070fc00000, 0x000000070fc00000|100%| E|CS|TAMS 0x000000070fb00000, 0x000000070fb00000| Complete 
| 226|0x000000070fc00000, 0x000000070fd00000, 0x000000070fd00000|100%| E|CS|TAMS 0x000000070fc00000, 0x000000070fc00000| Complete 
| 227|0x000000070fd00000, 0x000000070fe00000, 0x000000070fe00000|100%| E|CS|TAMS 0x000000070fd00000, 0x000000070fd00000| Complete 
| 228|0x000000070fe00000, 0x000000070ff00000, 0x000000070ff00000|100%| E|CS|TAMS 0x000000070fe00000, 0x000000070fe00000| Complete 
| 229|0x000000070ff00000, 0x0000000710000000, 0x0000000710000000|100%| E|CS|TAMS 0x000000070ff00000, 0x000000070ff00000| Complete 
| 230|0x0000000710000000, 0x0000000710100000, 0x0000000710100000|100%| E|CS|TAMS 0x0000000710000000, 0x0000000710000000| Complete 
| 231|0x0000000710100000, 0x0000000710200000, 0x0000000710200000|100%| E|CS|TAMS 0x0000000710100000, 0x0000000710100000| Complete 
| 232|0x0000000710200000, 0x0000000710300000, 0x0000000710300000|100%| E|CS|TAMS 0x0000000710200000, 0x0000000710200000| Complete 
| 233|0x0000000710300000, 0x0000000710400000, 0x0000000710400000|100%| E|CS|TAMS 0x0000000710300000, 0x0000000710300000| Complete 
| 234|0x0000000710400000, 0x0000000710500000, 0x0000000710500000|100%| E|CS|TAMS 0x0000000710400000, 0x0000000710400000| Complete 
| 235|0x0000000710500000, 0x0000000710600000, 0x0000000710600000|100%| E|CS|TAMS 0x0000000710500000, 0x0000000710500000| Complete 
| 236|0x0000000710600000, 0x0000000710700000, 0x0000000710700000|100%| E|CS|TAMS 0x0000000710600000, 0x0000000710600000| Complete 
| 237|0x0000000710700000, 0x0000000710800000, 0x0000000710800000|100%| E|CS|TAMS 0x0000000710700000, 0x0000000710700000| Complete 
| 238|0x0000000710800000, 0x0000000710900000, 0x0000000710900000|100%| E|CS|TAMS 0x0000000710800000, 0x0000000710800000| Complete 
| 239|0x0000000710900000, 0x0000000710a00000, 0x0000000710a00000|100%| E|CS|TAMS 0x0000000710900000, 0x0000000710900000| Complete 
| 240|0x0000000710a00000, 0x0000000710b00000, 0x0000000710b00000|100%| E|CS|TAMS 0x0000000710a00000, 0x0000000710a00000| Complete 
| 241|0x0000000710b00000, 0x0000000710c00000, 0x0000000710c00000|100%| E|CS|TAMS 0x0000000710b00000, 0x0000000710b00000| Complete 
| 242|0x0000000710c00000, 0x0000000710d00000, 0x0000000710d00000|100%| E|CS|TAMS 0x0000000710c00000, 0x0000000710c00000| Complete 
| 243|0x0000000710d00000, 0x0000000710e00000, 0x0000000710e00000|100%| E|CS|TAMS 0x0000000710d00000, 0x0000000710d00000| Complete 
| 244|0x0000000710e00000, 0x0000000710f00000, 0x0000000710f00000|100%| E|CS|TAMS 0x0000000710e00000, 0x0000000710e00000| Complete 
| 245|0x0000000710f00000, 0x0000000711000000, 0x0000000711000000|100%| E|CS|TAMS 0x0000000710f00000, 0x0000000710f00000| Complete 
| 246|0x0000000711000000, 0x0000000711100000, 0x0000000711100000|100%| E|CS|TAMS 0x0000000711000000, 0x0000000711000000| Complete 
| 247|0x0000000711100000, 0x0000000711200000, 0x0000000711200000|100%| E|CS|TAMS 0x0000000711100000, 0x0000000711100000| Complete 
| 248|0x0000000711200000, 0x0000000711300000, 0x0000000711300000|100%| E|CS|TAMS 0x0000000711200000, 0x0000000711200000| Complete 
| 249|0x0000000711300000, 0x0000000711400000, 0x0000000711400000|100%| E|CS|TAMS 0x0000000711300000, 0x0000000711300000| Complete 
| 250|0x0000000711400000, 0x0000000711500000, 0x0000000711500000|100%| E|CS|TAMS 0x0000000711400000, 0x0000000711400000| Complete 
| 251|0x0000000711500000, 0x0000000711600000, 0x0000000711600000|100%| E|CS|TAMS 0x0000000711500000, 0x0000000711500000| Complete 
| 252|0x0000000711600000, 0x0000000711700000, 0x0000000711700000|100%| E|CS|TAMS 0x0000000711600000, 0x0000000711600000| Complete 
| 253|0x0000000711700000, 0x0000000711800000, 0x0000000711800000|100%| E|CS|TAMS 0x0000000711700000, 0x0000000711700000| Complete 
| 254|0x0000000711800000, 0x0000000711900000, 0x0000000711900000|100%| E|CS|TAMS 0x0000000711800000, 0x0000000711800000| Complete 
| 255|0x0000000711900000, 0x0000000711a00000, 0x0000000711a00000|100%| E|CS|TAMS 0x0000000711900000, 0x0000000711900000| Complete 

Card table byte_map: [0x000001e4a5840000,0x000001e4a6040000] _byte_map_base: 0x000001e4a2033000

Marking Bits (Prev, Next): (CMBitMap*) 0x000001e48dd00438, (CMBitMap*) 0x000001e48dd00478
 Prev Bits: [0x000001e4a6840000, 0x000001e4aa7d8000)
 Next Bits: [0x000001e4aa7e0000, 0x000001e4ae778000)

Polling page: 0x000001e48b7c0000

Metaspace:

Usage:
  Non-class:     14.23 MB capacity,    13.80 MB ( 97%) used,   373.98 KB (  3%) free+waste,    70.75 KB ( <1%) overhead. 
      Class:      2.39 MB capacity,     2.14 MB ( 89%) used,   221.92 KB (  9%) free+waste,    35.56 KB (  1%) overhead. 
       Both:     16.63 MB capacity,    15.94 MB ( 96%) used,   595.91 KB (  4%) free+waste,   106.31 KB ( <1%) overhead. 

Virtual space:
  Non-class space:       16.00 MB reserved,      14.25 MB ( 89%) committed 
      Class space:        1.00 GB reserved,       2.50 MB ( <1%) committed 
             Both:        1.02 GB reserved,      16.75 MB (  2%) committed 

Chunk freelists:
   Non-Class:  2.50 KB
       Class:  0 bytes
        Both:  2.50 KB

CodeHeap 'non-profiled nmethods': size=120064Kb used=1339Kb max_used=1581Kb free=118724Kb
 bounds [0x000001e49db00000, 0x000001e49dd70000, 0x000001e4a5040000]
CodeHeap 'profiled nmethods': size=120000Kb used=5361Kb max_used=6549Kb free=114638Kb
 bounds [0x000001e4965d0000, 0x000001e496c40000, 0x000001e49db00000]
CodeHeap 'non-nmethods': size=5696Kb used=1240Kb max_used=1315Kb free=4455Kb
 bounds [0x000001e496040000, 0x000001e4962b0000, 0x000001e4965d0000]
 total_blobs=3922 nmethods=2507 adapters=377
 compilation: enabled
              stopped_count=0, restarted_count=0
 full_count=0

Compilation events (10 events):
Event: 20.486 Thread 0x000001e4ae97b000 nmethod 2851 0x000001e4965e7610 code [0x000001e4965e7840, 0x000001e4965e8070]
Event: 20.504 Thread 0x000001e4ae976000 nmethod 2837 0x000001e49db48590 code [0x000001e49db48780, 0x000001e49db49d98]
Event: 20.504 Thread 0x000001e4ae976000 2853       4       java.util.AbstractCollection::toArray (144 bytes)
Event: 20.509 Thread 0x000001e4ae976000 nmethod 2853 0x000001e49db5b490 code [0x000001e49db5b660, 0x000001e49db5bb78]
Event: 20.509 Thread 0x000001e4ae976000 2838       4       java.util.concurrent.ConcurrentHashMap::addCount (279 bytes)
Event: 20.511 Thread 0x000001e4ae976000 nmethod 2838 0x000001e49db47d10 code [0x000001e49db47ee0, 0x000001e49db48228]
Event: 20.511 Thread 0x000001e4ae976000 2852       4       java.util.Arrays::asList (9 bytes)
Event: 20.512 Thread 0x000001e4ae976000 nmethod 2852 0x000001e49db5b090 code [0x000001e49db5b240, 0x000001e49db5b398]
Event: 87.818 Thread 0x000001e4ae97b000 2855       3       java.io.ObjectStreamField::getSignature (39 bytes)
Event: 87.819 Thread 0x000001e4ae97b000 nmethod 2855 0x000001e4965eab10 code [0x000001e4965ead40, 0x000001e4965eb290]

GC Heap History (8 events):
Event: 0.833 GC heap before
{Heap before GC invocations=0 (full 0):
 garbage-first heap   total 262144K, used 14336K [0x0000000701a00000, 0x0000000800000000)
  region size 1024K, 14 young (14336K), 0 survivors (0K)
 Metaspace       used 3391K, capacity 5251K, committed 5376K, reserved 1056768K
  class space    used 306K, capacity 494K, committed 512K, reserved 1048576K
}
Event: 0.837 GC heap after
{Heap after GC invocations=1 (full 0):
 garbage-first heap   total 262144K, used 4524K [0x0000000701a00000, 0x0000000800000000)
  region size 1024K, 2 young (2048K), 2 survivors (2048K)
 Metaspace       used 3391K, capacity 5251K, committed 5376K, reserved 1056768K
  class space    used 306K, capacity 494K, committed 512K, reserved 1048576K
}
Event: 1.044 GC heap before
{Heap before GC invocations=1 (full 0):
 garbage-first heap   total 262144K, used 14764K [0x0000000701a00000, 0x0000000800000000)
  region size 1024K, 12 young (12288K), 2 survivors (2048K)
 Metaspace       used 4759K, capacity 5980K, committed 6272K, reserved 1056768K
  class space    used 473K, capacity 591K, committed 640K, reserved 1048576K
}
Event: 1.047 GC heap after
{Heap after GC invocations=2 (full 0):
 garbage-first heap   total 262144K, used 5172K [0x0000000701a00000, 0x0000000800000000)
  region size 1024K, 1 young (1024K), 1 survivors (1024K)
 Metaspace       used 4759K, capacity 5980K, committed 6272K, reserved 1056768K
  class space    used 473K, capacity 591K, committed 640K, reserved 1048576K
}
Event: 1.396 GC heap before
{Heap before GC invocations=2 (full 0):
 garbage-first heap   total 262144K, used 32820K [0x0000000701a00000, 0x0000000800000000)
  region size 1024K, 29 young (29696K), 1 survivors (1024K)
 Metaspace       used 6116K, capacity 7096K, committed 7296K, reserved 1056768K
  class space    used 673K, capacity 835K, committed 896K, reserved 1048576K
}
Event: 1.398 GC heap after
{Heap after GC invocations=3 (full 0):
 garbage-first heap   total 262144K, used 5334K [0x0000000701a00000, 0x0000000800000000)
  region size 1024K, 1 young (1024K), 1 survivors (1024K)
 Metaspace       used 6116K, capacity 7096K, committed 7296K, reserved 1056768K
  class space    used 673K, capacity 835K, committed 896K, reserved 1048576K
}
Event: 2.496 GC heap before
{Heap before GC invocations=3 (full 0):
 garbage-first heap   total 262144K, used 59606K [0x0000000701a00000, 0x0000000800000000)
  region size 1024K, 55 young (56320K), 1 survivors (1024K)
 Metaspace       used 9510K, capacity 10091K, committed 10240K, reserved 1058816K
  class space    used 1292K, capacity 1471K, committed 1536K, reserved 1048576K
}
Event: 2.498 GC heap after
{Heap after GC invocations=4 (full 0):
 garbage-first heap   total 262144K, used 6036K [0x0000000701a00000, 0x0000000800000000)
  region size 1024K, 2 young (2048K), 2 survivors (2048K)
 Metaspace       used 9510K, capacity 10091K, committed 10240K, reserved 1058816K
  class space    used 1292K, capacity 1471K, committed 1536K, reserved 1048576K
}

Deoptimization events (10 events):
Event: 2.725 Thread 0x000001e48dc9b000 Uncommon trap: reason=bimorphic_or_optimized_type_check action=maybe_recompile pc=0x000001e49dbb1698 method=java.util.HashMap.putVal(ILjava/lang/Object;Ljava/lang/Object;ZZ)Ljava/lang/Object; @ 203 c2
Event: 3.049 Thread 0x000001e48dc9b000 Uncommon trap: reason=unstable_if action=reinterpret pc=0x000001e49dbe11c4 method=java.lang.reflect.AccessibleObject.isAccessChecked(Ljava/lang/Class;)Z @ 22 c2
Event: 3.074 Thread 0x000001e48dc9b000 Uncommon trap: reason=unstable_if action=reinterpret pc=0x000001e49dbd5d9c method=org.eclipse.jdt.launching.internal.org.objectweb.asm.Type.getArgumentsAndReturnSizes(Ljava/lang/String;)I @ 25 c2
Event: 3.092 Thread 0x000001e48dc9b000 Uncommon trap: reason=unstable_if action=reinterpret pc=0x000001e49dc03520 method=org.eclipse.jdt.launching.internal.org.objectweb.asm.FieldWriter.putFieldInfo(Lorg/eclipse/jdt/launching/internal/org/objectweb/asm/ByteVector;)V @ 105 c2
Event: 3.988 Thread 0x000001e4ae974000 Uncommon trap: reason=unstable_if action=reinterpret pc=0x000001e49dbe3c74 method=java.util.concurrent.ConcurrentHashMap.putVal(Ljava/lang/Object;Ljava/lang/Object;Z)Ljava/lang/Object; @ 231 c2
Event: 4.645 Thread 0x000001e4ae974000 Uncommon trap: reason=bimorphic_or_optimized_type_check action=maybe_recompile pc=0x000001e49db9c1d8 method=java.io.DataOutputStream.write([BII)V @ 7 c2
Event: 4.646 Thread 0x000001e4ae974000 Uncommon trap: reason=bimorphic_or_optimized_type_check action=maybe_recompile pc=0x000001e49db9c1d8 method=java.io.DataOutputStream.write([BII)V @ 7 c2
Event: 5.058 Thread 0x000001e4b630a800 Uncommon trap: reason=bimorphic_or_optimized_type_check action=maybe_recompile pc=0x000001e49db9c1d8 method=java.io.DataOutputStream.write([BII)V @ 7 c2
Event: 5.117 Thread 0x000001e4b630a800 Uncommon trap: reason=bimorphic_or_optimized_type_check action=maybe_recompile pc=0x000001e49db9c1d8 method=java.io.DataOutputStream.write([BII)V @ 7 c2
Event: 20.487 Thread 0x000001e4b630a800 Uncommon trap: reason=predicate action=maybe_recompile pc=0x000001e49db3716c method=java.util.AbstractCollection.toArray([Ljava/lang/Object;)[Ljava/lang/Object; @ 43 c2

Classes redefined (2 events):
Event: 120.209 Thread 0x000001e4ae950800 redefined class name=com.demo.spring.dao.BookDAOTest, count=1
Event: 150.777 Thread 0x000001e4ae950800 redefined class name=com.demo.spring.dao.BookDAOTest, count=2

Internal exceptions (10 events):
Event: 20.498 Thread 0x000001e4b630a800 Exception <a 'java/lang/ClassNotFoundException'{0x000000070d754ce0}: org/springframework/context/support/LiveBeansView> (0x000000070d754ce0) thrown at [t:/workspace/open/src/hotspot/share/classfile/systemDictionary.cpp, line 235]
Event: 20.498 Thread 0x000001e4b630a800 Exception <a 'java/lang/ClassNotFoundException'{0x000000070d7550b0}: org/springframework/boot/actuate/endpoint/jmx/EndpointMBean> (0x000000070d7550b0) thrown at [t:/workspace/open/src/hotspot/share/classfile/systemDictionary.cpp, line 235]
Event: 20.498 Thread 0x000001e4b630a800 Exception <a 'java/lang/ClassNotFoundException'{0x000000070d755480}: org/springframework/boot/actuate/endpoint/jmx/DataEndpointMBean> (0x000000070d755480) thrown at [t:/workspace/open/src/hotspot/share/classfile/systemDictionary.cpp, line 235]
Event: 20.498 Thread 0x000001e4b630a800 Exception <a 'java/lang/ClassNotFoundException'{0x000000070d755848}: org/springframework/context/support/LiveBeansView> (0x000000070d755848) thrown at [t:/workspace/open/src/hotspot/share/classfile/systemDictionary.cpp, line 235]
Event: 20.498 Thread 0x000001e4b630a800 Exception <a 'java/lang/ClassNotFoundException'{0x000000070d755c00}: org/springframework/boot/actuate/endpoint/jmx/EndpointMBean> (0x000000070d755c00) thrown at [t:/workspace/open/src/hotspot/share/classfile/systemDictionary.cpp, line 235]
Event: 20.498 Thread 0x000001e4b630a800 Exception <a 'java/lang/ClassNotFoundException'{0x000000070d755fb8}: org/springframework/boot/actuate/endpoint/jmx/DataEndpointMBean> (0x000000070d755fb8) thrown at [t:/workspace/open/src/hotspot/share/classfile/systemDictionary.cpp, line 235]
Event: 20.498 Thread 0x000001e4b630a800 Exception <a 'java/lang/ClassNotFoundException'{0x000000070d756368}: org/springframework/context/support/LiveBeansView> (0x000000070d756368) thrown at [t:/workspace/open/src/hotspot/share/classfile/systemDictionary.cpp, line 235]
Event: 20.498 Thread 0x000001e4b630a800 Exception <a 'java/lang/ClassNotFoundException'{0x000000070d756720}: org/springframework/boot/actuate/endpoint/jmx/EndpointMBean> (0x000000070d756720) thrown at [t:/workspace/open/src/hotspot/share/classfile/systemDictionary.cpp, line 235]
Event: 20.498 Thread 0x000001e4b630a800 Exception <a 'java/lang/ClassNotFoundException'{0x000000070d756ad8}: org/springframework/boot/actuate/endpoint/jmx/DataEndpointMBean> (0x000000070d756ad8) thrown at [t:/workspace/open/src/hotspot/share/classfile/systemDictionary.cpp, line 235]
Event: 20.498 Thread 0x000001e4b630a800 Exception <a 'java/lang/ClassNotFoundException'{0x000000070d756e88}: org/springframework/context/support/LiveBeansView> (0x000000070d756e88) thrown at [t:/workspace/open/src/hotspot/share/classfile/systemDictionary.cpp, line 235]

Events (10 events):
Event: 150.793 Executing VM operation: GetStackTrace done
Event: 151.044 Executing VM operation: GetFrameCount
Event: 151.044 Executing VM operation: GetFrameCount done
Event: 151.044 Executing VM operation: GetOwnedMonitorInfo
Event: 151.045 Executing VM operation: GetOwnedMonitorInfo done
Event: 151.045 Executing VM operation: GetCurrentContendedMonitor
Event: 151.045 Executing VM operation: GetCurrentContendedMonitor done
Event: 151.561 Executing VM operation: GetFrameLocation
Event: 151.561 Executing VM operation: GetFrameLocation done
Event: 151.561 Executing VM operation: GetOrSetLocal


Dynamic libraries:
0x00007ff7bf050000 - 0x00007ff7bf05f000 	C:\Program Files\Java\jdk-12.0.1\bin\javaw.exe
0x00007ff9f8860000 - 0x00007ff9f8a4d000 	C:\WINDOWS\SYSTEM32\ntdll.dll
0x00007ff9f8320000 - 0x00007ff9f83d3000 	C:\WINDOWS\System32\KERNEL32.DLL
0x00007ff9f4b60000 - 0x00007ff9f4df3000 	C:\WINDOWS\System32\KERNELBASE.dll
0x00007ff9f5990000 - 0x00007ff9f5a8a000 	C:\WINDOWS\System32\ucrtbase.dll
0x00007ff9d2460000 - 0x00007ff9d2478000 	C:\Program Files\Java\jdk-12.0.1\bin\jli.dll
0x00007ff9d0280000 - 0x00007ff9d0296000 	C:\Program Files\Java\jdk-12.0.1\bin\VCRUNTIME140.dll
0x00007ff9f8680000 - 0x00007ff9f8723000 	C:\WINDOWS\System32\ADVAPI32.dll
0x00007ff9f70c0000 - 0x00007ff9f715e000 	C:\WINDOWS\System32\msvcrt.dll
0x00007ff9f8730000 - 0x00007ff9f87ce000 	C:\WINDOWS\System32\sechost.dll
0x00007ff9f7270000 - 0x00007ff9f7392000 	C:\WINDOWS\System32\RPCRT4.dll
0x00007ff9f76e0000 - 0x00007ff9f7877000 	C:\WINDOWS\System32\USER32.dll
0x00007ff9f4930000 - 0x00007ff9f4950000 	C:\WINDOWS\System32\win32u.dll
0x00007ff9f7e70000 - 0x00007ff9f7e99000 	C:\WINDOWS\System32\GDI32.dll
0x00007ff9e44f0000 - 0x00007ff9e4769000 	C:\WINDOWS\WinSxS\amd64_microsoft.windows.common-controls_6595b64144ccf1df_6.0.17763.557_none_05b63f68071e5b9f\COMCTL32.dll
0x00007ff9f5780000 - 0x00007ff9f591a000 	C:\WINDOWS\System32\gdi32full.dll
0x00007ff9f79d0000 - 0x00007ff9f7cfc000 	C:\WINDOWS\System32\combase.dll
0x00007ff9f5660000 - 0x00007ff9f5700000 	C:\WINDOWS\System32\msvcp_win.dll
0x00007ff9f5700000 - 0x00007ff9f577e000 	C:\WINDOWS\System32\bcryptPrimitives.dll
0x00007ff9e3810000 - 0x00007ff9e381a000 	C:\WINDOWS\SYSTEM32\VERSION.dll
0x00007ff9f71d0000 - 0x00007ff9f71fe000 	C:\WINDOWS\System32\IMM32.DLL
0x00007ff9f45d0000 - 0x00007ff9f4758000 	C:\Program Files\Avecto\Privilege Guard Client\PGHook.dll
0x00007ff9f5970000 - 0x00007ff9f5987000 	C:\WINDOWS\System32\CRYPTSP.dll
0x00007ff9f44f0000 - 0x00007ff9f4523000 	C:\WINDOWS\system32\rsaenh.dll
0x00007ff9f4950000 - 0x00007ff9f4976000 	C:\WINDOWS\System32\bcrypt.dll
0x00007ff9f44e0000 - 0x00007ff9f44ec000 	C:\WINDOWS\SYSTEM32\CRYPTBASE.dll
0x00007ff9f5a90000 - 0x00007ff9f6f80000 	C:\WINDOWS\System32\shell32.dll
0x00007ff9f5920000 - 0x00007ff9f596a000 	C:\WINDOWS\System32\cfgmgr32.dll
0x00007ff9f7900000 - 0x00007ff9f79a8000 	C:\WINDOWS\System32\shcore.dll
0x00007ff9f4eb0000 - 0x00007ff9f55fa000 	C:\WINDOWS\System32\windows.storage.dll
0x00007ff9f4900000 - 0x00007ff9f4924000 	C:\WINDOWS\System32\profapi.dll
0x00007ff9f4860000 - 0x00007ff9f48bd000 	C:\WINDOWS\System32\powrprof.dll
0x00007ff9f87d0000 - 0x00007ff9f8822000 	C:\WINDOWS\System32\shlwapi.dll
0x00007ff9f48c0000 - 0x00007ff9f48d1000 	C:\WINDOWS\System32\kernel.appcore.dll
0x00007ff9b6680000 - 0x00007ff9b672a000 	C:\Program Files\Java\jdk-12.0.1\bin\msvcp140.dll
0x00007ff981cb0000 - 0x00007ff982824000 	C:\Program Files\Java\jdk-12.0.1\bin\server\jvm.dll
0x00007ff9f7050000 - 0x00007ff9f7058000 	C:\WINDOWS\System32\PSAPI.DLL
0x00007ff9f3070000 - 0x00007ff9f3079000 	C:\WINDOWS\SYSTEM32\WSOCK32.dll
0x00007ff9f7200000 - 0x00007ff9f726d000 	C:\WINDOWS\System32\WS2_32.dll
0x00007ff9f1aa0000 - 0x00007ff9f1ac4000 	C:\WINDOWS\SYSTEM32\WINMM.dll
0x00007ff9f1a70000 - 0x00007ff9f1a9d000 	C:\WINDOWS\SYSTEM32\WINMMBASE.dll
0x00007ff9e4330000 - 0x00007ff9e4341000 	C:\Program Files\Java\jdk-12.0.1\bin\verify.dll
0x00007ff9f2e30000 - 0x00007ff9f301d000 	C:\WINDOWS\SYSTEM32\DBGHELP.DLL
0x00007ff9e1720000 - 0x00007ff9e174a000 	C:\WINDOWS\SYSTEM32\dbgcore.DLL
0x00007ff9e4070000 - 0x00007ff9e4096000 	C:\Program Files\Java\jdk-12.0.1\bin\java.dll
0x00007ff9bac50000 - 0x00007ff9bac88000 	C:\Program Files\Java\jdk-12.0.1\bin\jdwp.dll
0x00007ff9f02c0000 - 0x00007ff9f02ce000 	C:\Program Files\Java\jdk-12.0.1\bin\instrument.dll
0x00007ff9e4050000 - 0x00007ff9e4067000 	C:\Program Files\Java\jdk-12.0.1\bin\zip.dll
0x00007ff9f0310000 - 0x00007ff9f031a000 	C:\Program Files\Java\jdk-12.0.1\bin\jimage.dll
0x00007ff9ce5f0000 - 0x00007ff9ce65d000 	C:\Program Files\Manufacturer\Endpoint Agent\prntm64.dll
0x00007ff9f8520000 - 0x00007ff9f8675000 	C:\WINDOWS\System32\ole32.dll
0x00007ff9f6f80000 - 0x00007ff9f7044000 	C:\WINDOWS\System32\OLEAUT32.dll
0x00007ff9e43c0000 - 0x00007ff9e43cc000 	C:\WINDOWS\SYSTEM32\Secur32.dll
0x00007ff9e2910000 - 0x00007ff9e2999000 	C:\WINDOWS\SYSTEM32\WINSPOOL.DRV
0x00007ff9f22e0000 - 0x00007ff9f23cf000 	C:\WINDOWS\SYSTEM32\MSVCR120.dll
0x00007ff9f1cf0000 - 0x00007ff9f1d96000 	C:\WINDOWS\SYSTEM32\MSVCP120.dll
0x00007ff9f2000000 - 0x00007ff9f21a8000 	C:\WINDOWS\SYSTEM32\PROPSYS.dll
0x00007ff9f3c10000 - 0x00007ff9f3c4d000 	C:\WINDOWS\SYSTEM32\IPHLPAPI.DLL
0x00007ff9f4760000 - 0x00007ff9f478f000 	C:\WINDOWS\SYSTEM32\SSPICLI.DLL
0x00007ff9e4ac0000 - 0x00007ff9e4aca000 	C:\Program Files\Java\jdk-12.0.1\bin\dt_socket.dll
0x00007ff9f3eb0000 - 0x00007ff9f3f17000 	C:\WINDOWS\System32\mswsock.dll
0x00007ff9f3c50000 - 0x00007ff9f3d16000 	C:\WINDOWS\SYSTEM32\DNSAPI.dll
0x00007ff9f83e0000 - 0x00007ff9f83e8000 	C:\WINDOWS\System32\NSI.dll
0x00007ff9ef420000 - 0x00007ff9ef499000 	C:\WINDOWS\System32\fwpuclnt.dll
0x00007ff9e5000000 - 0x00007ff9e500a000 	C:\Windows\System32\rasadhlp.dll
0x00007ff9e4000000 - 0x00007ff9e4019000 	C:\Program Files\Java\jdk-12.0.1\bin\net.dll
0x00007ff9e5f30000 - 0x00007ff9e6107000 	C:\WINDOWS\SYSTEM32\urlmon.dll
0x00007ff9e5950000 - 0x00007ff9e5a41000 	C:\WINDOWS\SYSTEM32\WINHTTP.dll
0x00007ff9e6370000 - 0x00007ff9e6618000 	C:\WINDOWS\SYSTEM32\iertutil.dll
0x00007ff9e33f0000 - 0x00007ff9e3403000 	C:\Program Files\Java\jdk-12.0.1\bin\nio.dll
0x00007ff9e42f0000 - 0x00007ff9e42f9000 	C:\Program Files\Java\jdk-12.0.1\bin\management.dll
0x00007ff9e4180000 - 0x00007ff9e418c000 	C:\Program Files\Java\jdk-12.0.1\bin\management_ext.dll
0x00007ff9f4790000 - 0x00007ff9f47b8000 	C:\WINDOWS\SYSTEM32\USERENV.dll
0x00007ff9ed520000 - 0x00007ff9ed536000 	C:\WINDOWS\SYSTEM32\dhcpcsvc6.DLL
0x00007ff9ed480000 - 0x00007ff9ed49c000 	C:\WINDOWS\SYSTEM32\dhcpcsvc.DLL
0x00007ff9ddc90000 - 0x00007ff9ddca6000 	C:\WINDOWS\system32\napinsp.dll
0x00007ff9dd690000 - 0x00007ff9dd6aa000 	C:\WINDOWS\system32\pnrpnsp.dll
0x00007ff9dd580000 - 0x00007ff9dd58e000 	C:\WINDOWS\System32\winrnr.dll
0x00007ff9f01f0000 - 0x00007ff9f020b000 	C:\WINDOWS\system32\NLAapi.dll
0x00007ff9eb280000 - 0x00007ff9eb295000 	C:\WINDOWS\system32\wshbth.dll

dbghelp: loaded successfully - version: 4.0.5 - missing functions: none
symbol engine: initialized successfully - sym options: 0x614 - pdb path: .;C:\Program Files\Java\jdk-12.0.1\bin;C:\WINDOWS\SYSTEM32;C:\WINDOWS\WinSxS\amd64_microsoft.windows.common-controls_6595b64144ccf1df_6.0.17763.557_none_05b63f68071e5b9f;C:\Program Files\Avecto\Privilege Guard Client;C:\Program Files\Java\jdk-12.0.1\bin\server;C:\Program Files\Manufacturer\Endpoint Agent

VM Arguments:
jvm_args: -agentlib:jdwp=transport=dt_socket,suspend=y,address=localhost:62695 -ea -javaagent:C:\Users\jiayzhang\eclipse\java-latest-released\eclipse\configuration\org.eclipse.osgi\609\0\.cp\lib\javaagent-shaded.jar -Dfile.encoding=Cp1252 
java_command: org.eclipse.jdt.internal.junit.runner.RemoteTestRunner -version 3 -port 62694 -testLoaderClass org.eclipse.jdt.internal.junit5.runner.JUnit5TestLoader -loaderpluginname org.eclipse.jdt.junit5.runtime -classNames com.demo.spring.dao.BookDAOTest
java_class_path (initial): C:\Users\jiayzhang\eclipse-workspace\TestingExample\target\test-classes;C:\Users\jiayzhang\eclipse-workspace\TestingExample\target\classes;C:\Program Files (x86)\Apache Software Foundation\Tomcat 8.5\lib\annotations-api.jar;C:\Program Files (x86)\Apache Software Foundation\Tomcat 8.5\lib\catalina-ant.jar;C:\Program Files (x86)\Apache Software Foundation\Tomcat 8.5\lib\catalina-ha.jar;C:\Program Files (x86)\Apache Software Foundation\Tomcat 8.5\lib\catalina-storeconfig.jar;C:\Program Files (x86)\Apache Software Foundation\Tomcat 8.5\lib\catalina-tribes.jar;C:\Program Files (x86)\Apache Software Foundation\Tomcat 8.5\lib\catalina.jar;C:\Program Files (x86)\Apache Software Foundation\Tomcat 8.5\lib\ecj-4.6.3.jar;C:\Program Files (x86)\Apache Software Foundation\Tomcat 8.5\lib\el-api.jar;C:\Program Files (x86)\Apache Software Foundation\Tomcat 8.5\lib\jasper-el.jar;C:\Program Files (x86)\Apache Software Foundation\Tomcat 8.5\lib\jasper.jar;C:\Program Files (x86)\Apache Software Foundation\Tomcat 8.5\lib\jaspic-api.jar;C:\Program Files (x86)\Apache Software Foundation\Tomcat 8.5\lib\jsp-api.jar;C:\Program Files (x86)\Apache Software Foundation\Tomcat 8.5\lib\servlet-api.jar;C:\Program Files (x86)\Apache Software Foundation\Tomcat 8.5\lib\tomcat-api.jar;C:\Program Files (x86)\Apache Software Foundation\Tomcat 8.5\lib\tomcat-coyote.jar;C:\Program Files (x86)\Apache Software Foundation\Tomcat 8.5\lib\tomcat-dbcp.jar;C:\Program Files (x86)\Apache Software Foundation\Tomcat 8.5\lib\tomcat-i18n-es.jar;C:\Program Files (x86)\Apache Software Foundation\Tomcat 8.5\lib\tomcat-i18n-fr.jar;C:\Program Files (x86)\Apache Software Foundation\Tomcat 8.5\lib\tomcat-i18n-ja.jar;C:\Program Files (x86)\Apache Software Foundation\Tomcat 8.5\lib\tomcat-i18n-ru.jar;C:\Program Files (x86)\Apache Software Foundation\Tomcat 8.5\lib\tomcat-jdbc.jar;C:\Program Files (x86)\Apache Software Foundation\Tomcat 8.5\lib\tomcat-jni.jar;C:\Program Files (x86)\Apache Software Fou
Launcher Type: SUN_STANDARD

[Global flags]
     intx CICompilerCount                          = 3                                         {product} {ergonomic}
     uint ConcGCThreads                            = 1                                         {product} {ergonomic}
     uint G1ConcRefinementThreads                  = 4                                         {product} {ergonomic}
   size_t G1HeapRegionSize                         = 1048576                                   {product} {ergonomic}
    uintx GCDrainStackTargetSize                   = 64                                        {product} {ergonomic}
   size_t InitialHeapSize                          = 268435456                                 {product} {ergonomic}
   size_t MarkStackSize                            = 4194304                                   {product} {ergonomic}
   size_t MaxHeapSize                              = 4267704320                                {product} {ergonomic}
   size_t MaxNewSize                               = 2560622592                                {product} {ergonomic}
   size_t MinHeapDeltaBytes                        = 1048576                                   {product} {ergonomic}
    uintx NonNMethodCodeHeapSize                   = 5830732                                {pd product} {ergonomic}
    uintx NonProfiledCodeHeapSize                  = 122913754                              {pd product} {ergonomic}
    uintx ProfiledCodeHeapSize                     = 122913754                              {pd product} {ergonomic}
    uintx ReservedCodeCacheSize                    = 251658240                              {pd product} {ergonomic}
     bool SegmentedCodeCache                       = true                                      {product} {ergonomic}
     bool UseCompressedClassPointers               = true                                 {lp64_product} {ergonomic}
     bool UseCompressedOops                        = true                                 {lp64_product} {ergonomic}
     bool UseG1GC                                  = true                                      {product} {ergonomic}
     bool UseLargePagesIndividualAllocation        = false                                  {pd product} {ergonomic}

Logging:
Log output configuration:
 #0: stdout all=warning uptime,level,tags
 #1: stderr all=off uptime,level,tags

Environment Variables:
JAVA_HOME=C:\Program Files\Java\jdk-12.0.1
PATH=C:/Program Files/Java/jdk-12.0.1/bin/server;C:/Program Files/Java/jdk-12.0.1/bin;C:\WINDOWS\system32;C:\WINDOWS;C:\WINDOWS\System32\Wbem;C:\Program Files (x86)\Common Files\Oracle\Java\javapath;C:\Python27\;C:\Python27\Scripts;C:\Program Files (x86)\Intel\iCLS Client\;C:\Program Files\Intel\iCLS Client\;C:\WINDOWS\system32;C:\WINDOWS;C:\WINDOWS\System32\Wbem;C:\WINDOWS\System32\WindowsPowerShell\v1.0\;C:\WINDOWS\System32\OpenSSH\;C:\Program Files (x86)\Intel\Intel(R) Management Engine Components\DAL;C:\Program Files\Intel\Intel(R) Management Engine Components\DAL;C:\Program Files (x86)\Intel\Intel(R) Management Engine Components\IPT;C:\Program Files\Intel\Intel(R) Management Engine Components\IPT;C:\Users\jiayzhang\AppData\Local\Microsoft\WindowsApps;C:\ProgramData\chocolatey\bin;C:\Program Files\nodejs\;C:\Program Files\Java\jdk-12.0.1\bin;C:\Program Files\Java\jdk-12.0.1\bin;C:\Program Files\apache-maven-3.6.1\bin;C:\Program Files\MySQL\MySQL Shell 8.0\bin\;C:\Users\jiayzhang\Desktop;
USERNAME=jiayzhang
OS=Windows_NT
PROCESSOR_IDENTIFIER=Intel64 Family 6 Model 78 Stepping 3, GenuineIntel



---------------  S Y S T E M  ---------------

OS: Windows 10 , 64 bit Build 17763 (10.0.17763.475)

CPU:total 4 (initial active 4) (2 cores per cpu, 2 threads per core) family 6 model 78 stepping 3, cmov, cx8, fxsr, mmx, sse, sse2, sse3, ssse3, sse4.1, sse4.2, popcnt, avx, avx2, aes, clmul, erms, rtm, 3dnowpref, lzcnt, ht, tsc, tscinvbit, bmi1, bmi2, adx, fma

Memory: 4k page, system-wide physical 16279M (6836M free)
TotalPageFile size 18926M (AvailPageFile size 4654M)
current process WorkingSet (physical memory assigned to process): 146M, peak: 192M
current process commit charge ("private bytes"): 378M, peak: 430M

vm_info: Java HotSpot(TM) 64-Bit Server VM (12.0.1+12) for windows-amd64 JRE (12.0.1+12), built on Apr  2 2019 14:02:19 by "mach5one" with MS VC++ 15.5 (VS2017)

END.
